0 info it worked if it ends with ok
1 verbose cli [ '/usr/local/bin/node',
1 verbose cli   '/usr/local/bin/npm',
1 verbose cli   'run-script',
1 verbose cli   'dev' ]
2 info using npm@3.10.10
3 info using node@v6.10.3
4 verbose config Skipping project config: /Users/kiera/.npmrc. (matches userconfig)
5 verbose stack Error: ENOENT: no such file or directory, open '/Users/kiera/package.json'
5 verbose stack     at Error (native)
6 verbose cwd /Users/kiera/Desktop/MoMathHackathon-2017
7 error Darwin 16.7.0
8 error argv "/usr/local/bin/node" "/usr/local/bin/npm" "run-script" "dev"
9 error node v6.10.3
10 error npm  v3.10.10
11 error path /Users/kiera/package.json
12 error code ENOENT
13 error errno -2
14 error syscall open
15 error enoent ENOENT: no such file or directory, open '/Users/kiera/package.json'
16 error enoent ENOENT: no such file or directory, open '/Users/kiera/package.json'
16 error enoent This is most likely not a problem with npm itself
16 error enoent and is related to npm not being able to find a file.
17 verbose exit [ -2, true ]
